c:\users\idanc\desktop\university\oop\assignment_2\oop_2\oop_2\x64\debug\vc143.pdb
c:\users\idanc\desktop\university\oop\assignment_2\oop_2\oop_2\x64\debug\vc143.idb
c:\users\idanc\desktop\university\oop\assignment_2\oop_2\oop_2\x64\debug\wholesaler.obj
c:\users\idanc\desktop\university\oop\assignment_2\oop_2\oop_2\x64\debug\person.obj
c:\users\idanc\desktop\university\oop\assignment_2\oop_2\oop_2\x64\debug\main.obj
c:\users\idanc\desktop\university\oop\assignment_2\oop_2\oop_2\x64\debug\grower.obj
c:\users\idanc\desktop\university\oop\assignment_2\oop_2\oop_2\x64\debug\gardener.obj
c:\users\idanc\desktop\university\oop\assignment_2\oop_2\oop_2\x64\debug\flowersbouquet.obj
c:\users\idanc\desktop\university\oop\assignment_2\oop_2\oop_2\x64\debug\flowerarranger.obj
c:\users\idanc\desktop\university\oop\assignment_2\oop_2\oop_2\x64\debug\florist.obj
c:\users\idanc\desktop\university\oop\assignment_2\oop_2\oop_2\x64\debug\deliveryperson.obj
c:\users\idanc\desktop\university\oop\assignment_2\oop_2\x64\debug\oop_2.exe
c:\users\idanc\desktop\university\oop\assignment_2\oop_2\x64\debug\oop_2.pdb
c:\users\idanc\desktop\university\oop\assignment_2\oop_2\oop_2\x64\debug\oop_2.ilk
c:\users\idanc\desktop\university\oop\assignment_2\hw2\oop_2\x64\debug\deliveryperson.obj
c:\users\idanc\desktop\university\oop\assignment_2\hw2\oop_2\x64\debug\florist.obj
c:\users\idanc\desktop\university\oop\assignment_2\hw2\oop_2\x64\debug\flowerarranger.obj
c:\users\idanc\desktop\university\oop\assignment_2\hw2\oop_2\x64\debug\flowersbouquet.obj
c:\users\idanc\desktop\university\oop\assignment_2\hw2\oop_2\x64\debug\gardener.obj
c:\users\idanc\desktop\university\oop\assignment_2\hw2\oop_2\x64\debug\grower.obj
c:\users\idanc\desktop\university\oop\assignment_2\hw2\oop_2\x64\debug\main.obj
c:\users\idanc\desktop\university\oop\assignment_2\hw2\oop_2\x64\debug\person.obj
c:\users\idanc\desktop\university\oop\assignment_2\hw2\oop_2\x64\debug\wholesaler.obj
c:\users\idanc\desktop\university\oop\assignment_2\hw2\oop_2\x64\debug\oop_2.ilk
c:\users\idanc\desktop\university\oop\assignment_2\hw2\oop_2\x64\debug\vc143.idb
c:\users\idanc\desktop\university\oop\assignment_2\hw2\oop_2\x64\debug\vc143.pdb
c:\users\idanc\desktop\university\oop\assignment_2\hw2\x64\debug\oop_2.pdb
c:\users\idanc\desktop\university\oop\assignment_2\hw2\x64\debug\oop_2.exe
c:\users\idanc\desktop\university\oop\assignment_2\hw2\oop_2\x64\debug\oop_2.tlog\cl.command.1.tlog
c:\users\idanc\desktop\university\oop\assignment_2\hw2\oop_2\x64\debug\oop_2.tlog\cl.items.tlog
c:\users\idanc\desktop\university\oop\assignment_2\hw2\oop_2\x64\debug\oop_2.tlog\cl.read.1.tlog
c:\users\idanc\desktop\university\oop\assignment_2\hw2\oop_2\x64\debug\oop_2.tlog\cl.write.1.tlog
c:\users\idanc\desktop\university\oop\assignment_2\hw2\oop_2\x64\debug\oop_2.tlog\link.command.1.tlog
c:\users\idanc\desktop\university\oop\assignment_2\hw2\oop_2\x64\debug\oop_2.tlog\link.read.1.tlog
c:\users\idanc\desktop\university\oop\assignment_2\hw2\oop_2\x64\debug\oop_2.tlog\link.secondary.1.tlog
c:\users\idanc\desktop\university\oop\assignment_2\hw2\oop_2\x64\debug\oop_2.tlog\link.write.1.tlog
